<?xml version="1.0" encoding="UTF-8"?>
<!-- Generated by org.testng.reporters.JUnitXMLReporter -->
<testsuite ignored="0" hostname="yash" failures="0" tests="9" name="Test" time="0.203" errors="0" timestamp="2022-12-27T22:38:26 IST">
  <testcase classname="com.actitime.testscript.projectModule" name="createProject" time="0.018"/>
  <testcase classname="com.actitime.testscript.projectModule" name="deleteProject" time="0.014"/>
  <testcase classname="com.actitime.testscript.projectModule" name="modifyProject" time="0.005"/>
  <testcase classname="com.actitime.testscript.customerModule" name="createCustomer" time="0.004"/>
  <testcase classname="com.actitime.testscript.customerModule" name="deleteCustomer" time="0.003"/>
  <testcase classname="com.actitime.testscript.customerModule" name="modifyCustomer" time="0.004"/>
  <testcase classname="com.actitime.testscript.taskModule" name="createTask" time="0.003"/>
  <testcase classname="com.actitime.testscript.taskModule" name="deleteTask" time="0.003"/>
  <testcase classname="com.actitime.testscript.taskModule" name="modifyTask" time="0.003"/>
</testsuite> <!-- Test -->
