<?xml version="1.0" encoding="UTF-8"?>
<!-- Generated by org.testng.reporters.JUnitXMLReporter -->
<testsuite ignored="0" hostname="yash" failures="0" tests="3" name="Default test" time="0.18" errors="0" timestamp="2023-04-04T18:55:02 IST">
  <testcase classname="BatchTesting.SignupTest" name="signupByEmail" time="0.032"/>
  <testcase classname="BatchTesting.SignupTest" name="signupByFacebook" time="0.004"/>
  <testcase classname="BatchTesting.SignupTest" name="signupByTwitter" time="0.005"/>
</testsuite> <!-- Default test -->
