<?xml version="1.0" encoding="UTF-8"?>
<testng-results ignored="0" total="3" passed="3" failed="0" skipped="0">
  <reporter-output>
    <line>
      <![CDATA[Signup By Email]]>
    </line>
    <line>
      <![CDATA[Signup By Facebook]]>
    </line>
    <line>
      <![CDATA[Signup by Twitter]]>
    </line>
  </reporter-output>
  <suite started-at="2023-04-04T18:55:02 IST" name="Default suite" finished-at="2023-04-04T18:55:02 IST" duration-ms="180">
    <groups>
    </groups>
    <test started-at="2023-04-04T18:55:02 IST" name="Default test" finished-at="2023-04-04T18:55:02 IST" duration-ms="180">
      <class name="BatchTesting.SignupTest">
        <test-method signature="signupByEmail()[pri:0, instance:BatchTesting.SignupTest@17046283]" started-at="2023-04-04T18:55:02 IST" name="signupByEmail" finished-at="2023-04-04T18:55:02 IST" duration-ms="32" status="PASS">
          <reporter-output>
            <line>
              <![CDATA[Signup By Email]]>
            </line>
          </reporter-output>
        </test-method> <!-- signupByEmail -->
        <test-method signature="signupByFacebook()[pri:0, instance:BatchTesting.SignupTest@17046283]" started-at="2023-04-04T18:55:02 IST" name="signupByFacebook" finished-at="2023-04-04T18:55:02 IST" duration-ms="4" status="PASS">
          <reporter-output>
            <line>
              <![CDATA[Signup By Facebook]]>
            </line>
          </reporter-output>
        </test-method> <!-- signupByFacebook -->
        <test-method signature="signupByTwitter()[pri:0, instance:BatchTesting.SignupTest@17046283]" started-at="2023-04-04T18:55:02 IST" name="signupByTwitter" finished-at="2023-04-04T18:55:02 IST" duration-ms="5" status="PASS">
          <reporter-output>
            <line>
              <![CDATA[Signup by Twitter]]>
            </line>
          </reporter-output>
        </test-method> <!-- signupByTwitter -->
      </class> <!-- BatchTesting.SignupTest -->
    </test> <!-- Default test -->
  </suite> <!-- Default suite -->
</testng-results>
